# JRE version: Java(TM) SE Runtime Environment (8.0_92-b14) (build 1.8.0_92-b14)
# Java VM: Java HotSpot(TM) Client VM (25.92-b14 mixed mode windows-x86 )
Heap:
 def new generation   total 39424K, used 19923K [0x04800000, 0x072c0000, 0x0f2a0000)
  eden space 35072K,  45% used [0x04800000, 0x0579d488, 0x06a40000)
  from space 4352K,  90% used [0x06a40000, 0x06e17910, 0x06e80000)
  to   space 4352K,   0% used [0x06e80000, 0x06e80000, 0x072c0000)
 tenured generation   total 87424K, used 28730K [0x0f2a0000, 0x14800000, 0x24800000)
   the space 87424K,  32% used [0x0f2a0000, 0x10eae870, 0x10eaea00, 0x14800000)
 Metaspace       used 18496K, capacity 18911K, committed 18944K, reserved 19840K
GC Heap History (10 events):
Event: 0.806 GC heap before
{Heap before GC invocations=0 (full 0):
 def new generation   total 39296K, used 34941K [0x04800000, 0x072a0000, 0x0f2a0000)
  eden space 34944K,  99% used [0x04800000, 0x06a1f518, 0x06a20000)
  from space 4352K,   0% used [0x06a20000, 0x06a20000, 0x06e60000)
  to   space 4352K,   0% used [0x06e60000, 0x06e60000, 0x072a0000)
 tenured generation   total 87424K, used 0K [0x0f2a0000, 0x14800000, 0x24800000)
   the space 87424K,   0% used [0x0f2a0000, 0x0f2a0000, 0x0f2a0200, 0x14800000)
 Metaspace       used 9661K, capacity 9830K, committed 9984K, reserved 10624K
Event: 0.814 GC heap after
Heap after GC invocations=1 (full 0):
 def new generation   total 39296K, used 4352K [0x04800000, 0x072a0000, 0x0f2a0000)
  eden space 34944K,   0% used [0x04800000, 0x04800000, 0x06a20000)
  from space 4352K, 100% used [0x06e60000, 0x072a0000, 0x072a0000)
  to   space 4352K,   0% used [0x06a20000, 0x06a20000, 0x06e60000)
 tenured generation   total 87424K, used 2786K [0x0f2a0000, 0x14800000, 0x24800000)
   the space 87424K,   3% used [0x0f2a0000, 0x0f558a28, 0x0f558c00, 0x14800000)
 Metaspace       used 9661K, capacity 9830K, committed 9984K, reserved 10624K
}
Event: 1.215 GC heap before
{Heap before GC invocations=1 (full 0):
 def new generation   total 39296K, used 39296K [0x04800000, 0x072a0000, 0x0f2a0000)
  eden space 34944K, 100% used [0x04800000, 0x06a20000, 0x06a20000)
  from space 4352K, 100% used [0x06e60000, 0x072a0000, 0x072a0000)
  to   space 4352K,   0% used [0x06a20000, 0x06a20000, 0x06e60000)
 tenured generation   total 87424K, used 2786K [0x0f2a0000, 0x14800000, 0x24800000)
   the space 87424K,   3% used [0x0f2a0000, 0x0f558a28, 0x0f558c00, 0x14800000)
 Metaspace       used 11744K, capacity 12094K, committed 12160K, reserved 12672K
Event: 1.232 GC heap after
Heap after GC invocations=2 (full 0):
 def new generation   total 39296K, used 4352K [0x04800000, 0x072a0000, 0x0f2a0000)
  eden space 34944K,   0% used [0x04800000, 0x04800000, 0x06a20000)
  from space 4352K, 100% used [0x06a20000, 0x06e60000, 0x06e60000)
  to   space 4352K,   0% used [0x06e60000, 0x06e60000, 0x072a0000)
 tenured generation   total 87424K, used 8819K [0x0f2a0000, 0x14800000, 0x24800000)
   the space 87424K,  10% used [0x0f2a0000, 0x0fb3cd30, 0x0fb3ce00, 0x14800000)
 Metaspace       used 11744K, capacity 12094K, committed 12160K, reserved 12672K
}
Event: 1.426 GC heap before
{Heap before GC invocations=2 (full 0):
 def new generation   total 39296K, used 11223K [0x04800000, 0x072a0000, 0x0f2a0000)
  eden space 34944K,  19% used [0x04800000, 0x04eb5e40, 0x06a20000)
  from space 4352K, 100% used [0x06a20000, 0x06e60000, 0x06e60000)
  to   space 4352K,   0% used [0x06e60000, 0x06e60000, 0x072a0000)
 tenured generation   total 87424K, used 8819K [0x0f2a0000, 0x14800000, 0x24800000)
   the space 87424K,  10% used [0x0f2a0000, 0x0fb3cd30, 0x0fb3ce00, 0x14800000)
 Metaspace       used 11921K, capacity 12287K, committed 12288K, reserved 12672K
Event: 1.454 GC heap after
Heap after GC invocations=3 (full 1):
 def new generation   total 39424K, used 0K [0x04800000, 0x072c0000, 0x0f2a0000)
  eden space 35072K,   0% used [0x04800000, 0x04800000, 0x06a40000)
  from space 4352K,   0% used [0x06a40000, 0x06a40000, 0x06e80000)
  to   space 4352K,   0% used [0x06e80000, 0x06e80000, 0x072c0000)
 tenured generation   total 87424K, used 13849K [0x0f2a0000, 0x14800000, 0x24800000)
   the space 87424K,  15% used [0x0f2a0000, 0x10026758, 0x10026800, 0x14800000)
 Metaspace       used 11921K, capacity 12287K, committed 12288K, reserved 12672K
}
Event: 5.203 GC heap before
{Heap before GC invocations=3 (full 1):
 def new generation   total 39424K, used 35072K [0x04800000, 0x072c0000, 0x0f2a0000)
  eden space 35072K, 100% used [0x04800000, 0x06a40000, 0x06a40000)
  from space 4352K,   0% used [0x06a40000, 0x06a40000, 0x06e80000)
  to   space 4352K,   0% used [0x06e80000, 0x06e80000, 0x072c0000)
 tenured generation   total 87424K, used 13849K [0x0f2a0000, 0x14800000, 0x24800000)
   the space 87424K,  15% used [0x0f2a0000, 0x10026758, 0x10026800, 0x14800000)
 Metaspace       used 17709K, capacity 18145K, committed 18304K, reserved 18816K
Event: 5.217 GC heap after
Heap after GC invocations=4 (full 1):
 def new generation   total 39424K, used 4352K [0x04800000, 0x072c0000, 0x0f2a0000)
  eden space 35072K,   0% used [0x04800000, 0x04800000, 0x06a40000)
  from space 4352K, 100% used [0x06e80000, 0x072c0000, 0x072c0000)
  to   space 4352K,   0% used [0x06a40000, 0x06a40000, 0x06e80000)
 tenured generation   total 87424K, used 17317K [0x0f2a0000, 0x14800000, 0x24800000)
   the space 87424K,  19% used [0x0f2a0000, 0x10389658, 0x10389800, 0x14800000)
 Metaspace       used 17709K, capacity 18145K, committed 18304K, reserved 18816K
}
Event: 79.258 GC heap before
{Heap before GC invocations=4 (full 1):
 def new generation   total 39424K, used 39424K [0x04800000, 0x072c0000, 0x0f2a0000)
  eden space 35072K, 100% used [0x04800000, 0x06a40000, 0x06a40000)
  from space 4352K, 100% used [0x06e80000, 0x072c0000, 0x072c0000)
  to   space 4352K,   0% used [0x06a40000, 0x06a40000, 0x06e80000)
 tenured generation   total 87424K, used 17317K [0x0f2a0000, 0x14800000, 0x24800000)
   the space 87424K,  19% used [0x0f2a0000, 0x10389658, 0x10389800, 0x14800000)
 Metaspace       used 18299K, capacity 18748K, committed 18816K, reserved 18816K
Event: 79.274 GC heap after
Heap after GC invocations=5 (full 1):
 def new generation   total 39424K, used 3934K [0x04800000, 0x072c0000, 0x0f2a0000)
  eden space 35072K,   0% used [0x04800000, 0x04800000, 0x06a40000)
  from space 4352K,  90% used [0x06a40000, 0x06e17910, 0x06e80000)
  to   space 4352K,   0% used [0x06e80000, 0x06e80000, 0x072c0000)
 tenured generation   total 87424K, used 28730K [0x0f2a0000, 0x14800000, 0x24800000)
   the space 87424K,  32% used [0x0f2a0000, 0x10eae870, 0x10eaea00, 0x14800000)
 Metaspace       used 18299K, capacity 18748K, committed 18816K, reserved 18816K
}

